SIMAN Run Controller.

3.0923102 Hours>
                                      ARENA Simulation Results
                                       Jon - License: STUDENT

                                  Summary for Replication 1 of 1

Project: Unnamed Project                                             Run execution date : 2/25/2021
Analyst: sman                                                        Model revision date: 2/25/2021

Replication ended at time      : 3.0923102 Hours 
Base Time Units: Hours

                                           TALLY VARIABLES

Identifier                                  Average   Half Width  Minimum    Maximum   Observations
___________________________________________________________________________________________________

Entity 1.VATime                             .89803     (Insuf)    .73879     1.2291          6    
Entity 1.NVATime                            .00000     (Insuf)    .00000     .00000          6    
Entity 1.WaitTime                           .74935     (Insuf)    .00000     1.5200          6    
Entity 1.TranTime                           .00000     (Insuf)    .00000     .00000          6    
Entity 1.OtherTime                          .00000     (Insuf)    .00000     .00000          6    
Entity 1.TotalTime                          1.6473     (Insuf)    .75615     2.3609          6    
Process 2.Queue.WaitingTime                 .88391     (Insuf)    .00000     1.5200          4    
Process 1.Queue.WaitingTime                 1.0810     (Insuf)    .00000     2.2026          4    

                                     DISCRETE-CHANGE VARIABLES

Identifier                                  Average   Half Width  Minimum    Maximum   Final Value
___________________________________________________________________________________________________

Entity 1.WIP                                5.9017     (Insuf)    .00000     8.0000     7.0000    
Resource 2.NumberBusy                       1.0000     (Insuf)    .00000     1.0000     1.0000    
Resource 2.NumberScheduled                  1.0000     (Insuf)    1.0000     1.0000     1.0000    
Resource 2.Utilization                      1.0000     (Insuf)    .00000     1.0000     1.0000    
Resource 1.NumberBusy                       .96013     (Insuf)    .00000     1.0000     1.0000    
Resource 1.NumberScheduled                  1.0000     (Insuf)    1.0000     1.0000     1.0000    
Resource 1.Utilization                      .96013     (Insuf)    .00000     1.0000     1.0000    
Process 2.Queue.NumberInQueue               2.0659     (Insuf)    .00000     3.0000     3.0000    
Process 1.Queue.NumberInQueue               1.8756     (Insuf)    .00000     3.0000     2.0000    

                                             OUTPUTS

Identifier                                   Value
_____________________________________________________________

Entity 1.NumberIn                           13.000    
Entity 1.NumberOut                          6.0000    
Resource 2.NumberSeized                     4.0000    
Resource 2.ScheduledUtilization             1.0000    
Resource 1.NumberSeized                     4.0000    
Resource 1.ScheduledUtilization             .96013    
System.NumberOut                            6.0000    


Simulation run time: 0.60 minutes.
Simulation run complete.
