SIMAN Run Controller.

2.1842649 Hours>
                                      ARENA Simulation Results
                                       Jon - License: STUDENT

                                  Summary for Replication 1 of 1

Project: Unnamed Project                                             Run execution date : 2/25/2021
Analyst: sman                                                        Model revision date: 2/25/2021

Replication ended at time      : 2.1842649 Hours 
Base Time Units: Hours

                                           TALLY VARIABLES

Identifier                                  Average   Half Width  Minimum    Maximum   Observations
___________________________________________________________________________________________________

Entity 1.VATime                             .33279     (Insuf)    .22363     .40973          5    
Entity 1.NVATime                            .00000     (Insuf)    .00000     .00000          5    
Entity 1.WaitTime                           .24429     (Insuf)    .00000     .60889          5    
Entity 1.TranTime                           .00000     (Insuf)    .00000     .00000          5    
Entity 1.OtherTime                          .00000     (Insuf)    .00000     .00000          5    
Entity 1.TotalTime                          .57708     (Insuf)    .22363     .98971          5    
Barber Station.Queue.WaitingTime            .21479     (Insuf)    .00000     .60889          6    

                                     DISCRETE-CHANGE VARIABLES

Identifier                                  Average   Half Width  Minimum    Maximum   Final Value
___________________________________________________________________________________________________

Entity 1.WIP                                7.4362     (Insuf)    .00000     15.000     15.000    
Manicurist.NumberBusy                       .00000     (Insuf)    .00000     .00000     .00000    
Manicurist.NumberScheduled                  2.0000     (Insuf)    2.0000     2.0000     2.0000    
Manicurist.Utilization                      .00000     (Insuf)    .00000     .00000     .00000    
Barber.NumberBusy                           .97359     (Insuf)    .00000     1.0000     1.0000    
Barber.NumberScheduled                      1.0000     (Insuf)    1.0000     1.0000     1.0000    
Barber.Utilization                          .97359     (Insuf)    .00000     1.0000     1.0000    
Barber Station.Queue.NumberInQueue          6.4626     (Insuf)    .00000     14.000     14.000    

                                             OUTPUTS

Identifier                                   Value
_____________________________________________________________

Entity 1.NumberIn                           20.000    
Entity 1.NumberOut                          5.0000    
Manicurist.NumberSeized                     .00000    
Manicurist.ScheduledUtilization             .00000    
Barber.NumberSeized                         6.0000    
Barber.ScheduledUtilization                 .97359    
System.NumberOut                            5.0000    


Simulation run time: 0.50 minutes.
Simulation run complete.
